<?xml version="1.0" encoding="UTF-8"?>
<!-- Generated by org.testng.reporters.JUnitXMLReporter -->
<testsuite ignored="0" hostname="DESKTOP-SVK5H14" failures="0" tests="4" name="Test" time="0.132" errors="0" timestamp="2022-07-18T18:07:37 IST">
  <testcase classname="org.com.project.practice2Test$PracticeTest" name="demo1" time="0.02"/>
  <testcase classname="org.com.project.PracticeTest" name="demo" time="0.02"/>
  <testcase classname="org.com.project.practice2Test$PracticeTest" name="demo" time="0.02"/>
  <testcase classname="org.com.project.PracticeTest" name="demo1" time="0.02"/>
</testsuite> <!-- Test -->
