<?xml version="1.0" encoding="UTF-8"?>
<testng-results ignored="0" total="4" passed="4" failed="0" skipped="0">
  <reporter-output>
  </reporter-output>
  <suite started-at="2022-07-18T18:07:37 IST" name="Suite" finished-at="2022-07-18T18:07:37 IST" duration-ms="132">
    <groups>
    </groups>
    <test started-at="2022-07-18T18:07:37 IST" name="Test" finished-at="2022-07-18T18:07:37 IST" duration-ms="132">
      <class name="org.com.project.PracticeTest">
        <test-method signature="demo()[pri:0, instance:org.com.project.PracticeTest@5939a379]" started-at="2022-07-18T18:07:37 IST" name="demo" finished-at="2022-07-18T18:07:37 IST" duration-ms="20" status="PASS">
          <reporter-output>
          </reporter-output>
        </test-method> <!-- demo -->
        <test-method signature="demo1()[pri:0, instance:org.com.project.PracticeTest@5939a379]" started-at="2022-07-18T18:07:37 IST" name="demo1" finished-at="2022-07-18T18:07:37 IST" duration-ms="20" status="PASS">
          <reporter-output>
          </reporter-output>
        </test-method> <!-- demo1 -->
      </class> <!-- org.com.project.PracticeTest -->
      <class name="org.com.project.practice2Test$PracticeTest">
        <test-method signature="demo1()[pri:0, instance:org.com.project.practice2Test$PracticeTest@73ee04c8]" started-at="2022-07-18T18:07:37 IST" name="demo1" finished-at="2022-07-18T18:07:37 IST" duration-ms="20" status="PASS">
          <reporter-output>
          </reporter-output>
        </test-method> <!-- demo1 -->
        <test-method signature="demo()[pri:0, instance:org.com.project.practice2Test$PracticeTest@73ee04c8]" started-at="2022-07-18T18:07:37 IST" name="demo" finished-at="2022-07-18T18:07:37 IST" duration-ms="20" status="PASS">
          <reporter-output>
          </reporter-output>
        </test-method> <!-- demo -->
      </class> <!-- org.com.project.practice2Test$PracticeTest -->
    </test> <!-- Test -->
  </suite> <!-- Suite -->
</testng-results>
